<?xml version="1.0" encoding="iso-8859-1"?>
<!DOCTYPE alfs SYSTEM "../../DTD/ALFS.dtd"
[
<!ENTITY % general_entities SYSTEM "../../config/general.ent">
<!ENTITY % package_entities SYSTEM "../../config/packages/ch12.ent">
<!ENTITY % config_entities SYSTEM  "../../config/config.ent">

%general_entities;
%package_entities;
%config_entities;

]>
<alfs>
<package name="Test-Prereq" version="&Test-Prereq-version;">
  <packageinfo>
    <requires>
      <name>Module-Info</name>
    </requires>
    <requires>
      <name>Module-CoreList</name>
    </requires>
    <utilizes>
      <name>Module-Build</name>
    </utilizes>
  </packageinfo>
  <stage name="Unpacking.">
    <unpack>
      <digest>&Test-Prereq-md5;</digest>
      <archive>&packages_dir;/&Test-Prereq-package;</archive>
      <destination>&build_dir;</destination>
    </unpack>
  </stage>
  <stage name="Installing.">
    <stageinfo>
      <base>&build_dir;/&Test-Prereq-directory;</base>
    </stageinfo>
    <execute command="perl Makefile.PL" />
    <make />
    <make>
      <param>test</param>
    </make>
    <make>
      <param>install</param>
    </make>
  </stage>
  <stage name="Cleanup.">
    <remove>&build_dir;/&Test-Prereq-directory;</remove>
  </stage>
</package>
</alfs>
